2019-10-22 22:38:38,779 - receptor - INFO - Starting receptor...
2019-10-22 22:38:38,780 - receptor - INFO - Uploader started!
2019-10-22 22:38:39,032 - receptor - INFO - Receptor open: opened!
2019-10-22 22:38:51,831 - receptor - INFO - Invalid Raw Message Received: *5DE47EC284FA60;
2019-10-22 22:38:59,744 - receptor - INFO - Invalid Raw Message Received: *5DE47EC284FA60;
2019-10-22 22:39:01,885 - receptor - INFO - Invalid Raw Message Received: *5DE47EC284FA60;
2019-10-22 22:39:02,687 - receptor - INFO - Invalid Raw Message Received: *5DE47EC284FA60;
2019-10-22 22:39:03,631 - receptor - INFO - Invalid Raw Message Received: *5DE47EC284FA60;
2019-10-22 22:39:05,638 - receptor - INFO - Invalid Raw Message Received: *5DE47EC284FA60;
2019-10-22 22:39:13,822 - receptor - INFO - Invalid Raw Message Received: *5DE47EC284FA60;
2019-10-22 22:39:19,991 - receptor - INFO - Invalid Raw Message Received: *5DE47EC284FA60;
2019-10-22 22:39:23,881 - receptor - INFO - Invalid Raw Message Received: *5DE47EC284FA60;
2019-10-22 22:39:30,052 - receptor - INFO - Invalid Raw Message Received: *5DE47EC284FA60;
2019-10-22 22:39:32,062 - receptor - INFO - Invalid Raw Message Received: *5DE47EC284FA60;
2019-10-22 22:39:34,209 - receptor - INFO - Invalid Raw Message Received: *5DE47EC284FA60;
2019-10-22 22:39:36,358 - receptor - INFO - Invalid Raw Message Received: *5DE47EC284FA60;
2019-10-22 22:39:38,236 - receptor - INFO - Invalid Raw Message Received: *5DE47EC284FA60;
2019-10-22 22:39:40,248 - receptor - INFO - Invalid Raw Message Received: *5DE47EC284FA60;
2019-10-22 22:39:48,699 - receptor - INFO - Invalid Raw Message Received: *5DE47EC284FA60;
2019-10-22 22:39:49,774 - receptor - INFO - Invalid Raw Message Received: *5DE47EC284FA60;
2019-10-22 22:40:00,238 - receptor - INFO - Invalid Raw Message Received: *5DE47EC284FA60;
2019-10-22 22:40:24,244 - receptor - INFO - Invalid Raw Message Received: *5DE47EC284FA60;
2019-10-22 22:40:25,327 - receptor - INFO - Invalid Raw Message Received: *5DE47EC284FA60;
2019-10-22 22:40:25,364 - receptor - INFO - Invalid Raw Message Received: *00E18F1F903661;
2019-10-22 22:40:29,476 - receptor - INFO - Invalid Raw Message Received: *5DE47EC284FA60;
2019-10-22 22:40:30,281 - receptor - INFO - Invalid Raw Message Received: *5DE47EC284FA60;
2019-10-22 22:40:31,353 - receptor - INFO - Invalid Raw Message Received: *5DE47EC284FA60;
2019-10-22 22:40:32,291 - receptor - INFO - Invalid Raw Message Received: *5DE47EC284FA60;
2019-10-22 22:40:34,570 - receptor - INFO - Invalid Raw Message Received: *5DE47EC284FA60;
2019-10-22 22:40:37,519 - receptor - INFO - Invalid Raw Message Received: *5DE47EC284FA60;
2019-10-22 22:40:38,326 - receptor - INFO - Invalid Raw Message Received: *5DE47EC284FA60;
2019-10-22 22:40:39,403 - receptor - INFO - Invalid Raw Message Received: *5DE47EC284FA60;
2019-10-22 22:40:40,336 - receptor - INFO - Invalid Raw Message Received: *5DE47EC284FA60;
2019-10-22 22:40:40,383 - receptor - INFO - Invalid Raw Message Received: *00E18EBC671483;
2019-10-22 22:40:41,407 - receptor - INFO - Invalid Raw Message Received: *5DE47EC284FA60;
2019-10-22 22:40:42,346 - receptor - INFO - Invalid Raw Message Received: *00E18EB998D8BC;
2019-10-22 22:40:43,285 - receptor - INFO - Invalid Raw Message Received: *00E18EB8672CB5;
2019-10-22 22:40:43,554 - receptor - INFO - Invalid Raw Message Received: *5DE47EC284FA60;
2019-10-22 22:40:44,359 - receptor - INFO - Invalid Raw Message Received: *00E18EB7988CFD;
2019-10-22 22:40:44,626 - receptor - INFO - Invalid Raw Message Received: *5DE47EC284FA60;
2019-10-22 22:40:45,298 - receptor - INFO - Invalid Raw Message Received: *00E18EB59890E6;
2019-10-22 22:40:45,566 - receptor - INFO - Invalid Raw Message Received: *5DE47EC284FA60;
2019-10-22 22:40:46,506 - receptor - INFO - Invalid Raw Message Received: *5DE47EC284FA60;
2019-10-22 22:40:47,579 - receptor - INFO - Invalid Raw Message Received: *5DE47EC284FA60;
2019-10-22 22:40:48,518 - receptor - INFO - Invalid Raw Message Received: *5DE47EC284FA60;
2019-10-22 22:40:49,592 - receptor - INFO - Invalid Raw Message Received: *5DE47EC284FA60;
2019-10-22 22:40:50,536 - receptor - INFO - Invalid Raw Message Received: *5DE47EC284FA60;
2019-10-22 22:40:52,813 - receptor - INFO - Invalid Raw Message Received: *5DE47EC284FA60;
2019-10-22 22:40:54,695 - receptor - INFO - Invalid Raw Message Received: *5DE47EC284FA60;
2019-10-22 22:40:55,639 - receptor - INFO - Invalid Raw Message Received: *5DE47EC284FA60;
2019-10-22 22:40:57,510 - receptor - INFO - Invalid Raw Message Received: *5DE47EC284FA60;
2019-10-22 22:40:58,449 - receptor - INFO - Invalid Raw Message Received: *5DE47EC284FA60;
2019-10-22 22:40:59,263 - receptor - INFO - Invalid Raw Message Received: *5DE47EC284FA60;
2019-10-22 22:40:59,866 - receptor - INFO - Stopping receptor...
2019-10-22 22:40:59,894 - receptor - INFO - Uploader stoped!
2019-10-22 22:41:02,868 - receptor - INFO - Receptor close: closed!
2019-10-22 23:20:53,609 - receptor - INFO - Starting receptor...
2019-10-22 23:20:53,610 - receptor - INFO - Uploader started!
2019-10-22 23:20:53,882 - receptor - INFO - Receptor open: opened!
2019-10-22 23:21:07,715 - receptor - INFO - Stopping receptor...
2019-10-22 23:21:07,840 - receptor - INFO - Uploader stoped!
2019-10-22 23:21:10,719 - receptor - INFO - Receptor close: closed!
