Wed Jul  3 15:53:48 2019 | DB_saveADSBInfo | Data was saved successfully
Wed Jul  3 15:53:48 2019 | DB_saveAirline | Data was saved successfully
Wed Jul  3 15:53:56 2019 | DB_saveADSBInfo | Data was saved successfully
Wed Jul  3 15:53:56 2019 | DB_saveAirline | Data was saved successfully
Wed Jul  3 15:53:58 2019 | DB_saveADSBInfo | Data was saved successfully
Wed Jul  3 15:53:58 2019 | DB_saveAirline | Data was saved successfully
Wed Jul  3 15:54:00 2019 | DB_saveADSBInfo | Data was saved successfully
Wed Jul  3 15:54:00 2019 | DB_saveAirline | Data was saved successfully
Wed Jul  3 15:54:13 2019 | DB_saveADSBInfo | Data was saved successfully
Wed Jul  3 15:54:13 2019 | DB_saveAirline | Data was saved successfully
Wed Jul  3 15:54:16 2019 | DB_saveADSBInfo | Data was saved successfully
Wed Jul  3 15:54:16 2019 | DB_saveAirline | Data was saved successfully
Wed Jul  3 15:54:17 2019 | DB_saveADSBInfo | Data was saved successfully
Wed Jul  3 15:54:17 2019 | DB_saveAirline | Data was saved successfully
Wed Jul  3 15:54:20 2019 | DB_saveADSBInfo | Data was saved successfully
Wed Jul  3 15:54:20 2019 | DB_saveAirline | Data was saved successfully
Wed Jul  3 15:54:24 2019 | DB_saveADSBInfo | Data was saved successfully
Wed Jul  3 15:54:24 2019 | DB_saveAirline | Data was saved successfully
Wed Jul  3 15:54:29 2019 | DB_saveADSBInfo | Data was saved successfully
Wed Jul  3 15:54:29 2019 | DB_saveAirline | Data was saved successfully
Wed Jul  3 15:54:30 2019 | DB_saveADSBInfo | Data was saved successfully
Wed Jul  3 15:54:30 2019 | DB_saveAirline | Data was saved successfully
Wed Jul  3 15:54:35 2019 | DB_saveADSBInfo | Data was saved successfully
Wed Jul  3 15:54:35 2019 | DB_saveAirline | Data was saved successfully
Wed Jul  3 15:54:38 2019 | DB_saveADSBInfo | Data was saved successfully
Wed Jul  3 15:54:38 2019 | DB_saveAirline | Data was saved successfully
Wed Jul  3 15:54:42 2019 | DB_saveADSBInfo | Data was saved successfully
Wed Jul  3 15:54:42 2019 | DB_saveAirline | Data was saved successfully
Wed Jul  3 15:54:47 2019 | DB_saveADSBInfo | Data was saved successfully
Wed Jul  3 15:54:47 2019 | DB_saveAirline | Data was saved successfully
Wed Jul  3 15:54:48 2019 | DB_saveADSBInfo | Data was saved successfully
Wed Jul  3 15:54:48 2019 | DB_saveAirline | Data was saved successfully
Wed Jul  3 15:54:49 2019 | DB_saveADSBInfo | Data was saved successfully
Wed Jul  3 15:54:49 2019 | DB_saveAirline | Data was saved successfully
Wed Jul  3 15:54:52 2019 | DB_saveADSBInfo | Data was saved successfully
Wed Jul  3 15:54:52 2019 | DB_saveAirline | Data was saved successfully
Wed Jul  3 15:54:53 2019 | DB_saveADSBInfo | Data was saved successfully
Wed Jul  3 15:54:53 2019 | DB_saveAirline | Data was saved successfully
Wed Jul  3 15:55:01 2019 | DB_saveADSBInfo | Data was saved successfully
Wed Jul  3 15:55:01 2019 | DB_saveAirline | Data was saved successfully
Wed Jul  3 15:55:04 2019 | DB_saveADSBInfo | Data was saved successfully
Wed Jul  3 15:55:05 2019 | DB_saveAirline | Data was saved successfully
Wed Jul  3 15:55:07 2019 | DB_saveADSBInfo | Data was saved successfully
Wed Jul  3 15:55:07 2019 | DB_saveAirline | Data was saved successfully
Wed Jul  3 15:55:13 2019 | DB_saveADSBInfo | Data was saved successfully
Wed Jul  3 15:55:13 2019 | DB_saveAirline | Data was saved successfully
Wed Jul  3 15:55:25 2019 | DB_saveADSBInfo | Data was saved successfully
Wed Jul  3 15:55:25 2019 | DB_saveAirline | Data was saved successfully
Wed Jul  3 15:55:28 2019 | DB_saveADSBInfo | Data was saved successfully
Wed Jul  3 15:55:29 2019 | DB_saveAirline | Data was saved successfully
Wed Jul  3 15:55:31 2019 | DB_saveADSBInfo | Data was saved successfully
Wed Jul  3 15:55:31 2019 | DB_saveAirline | Data was saved successfully
Wed Jul  3 15:55:46 2019 | DB_saveADSBInfo | Data was saved successfully
Wed Jul  3 15:55:46 2019 | DB_saveAirline | Data was saved successfully
Wed Jul  3 15:55:48 2019 | DB_saveADSBInfo | Data was saved successfully
Wed Jul  3 15:55:48 2019 | DB_saveAirline | Data was saved successfully
Wed Jul  3 15:55:53 2019 | DB_saveADSBInfo | Data was saved successfully
Wed Jul  3 15:55:53 2019 | DB_saveAirline | Data was saved successfully
Wed Jul  3 15:55:55 2019 | DB_saveADSBInfo | Data was saved successfully
Wed Jul  3 15:55:55 2019 | DB_saveAirline | Data was saved successfully
Wed Jul  3 15:55:57 2019 | DB_saveADSBInfo | Data was saved successfully
Wed Jul  3 15:55:58 2019 | DB_saveAirline | Data was saved successfully
Wed Jul  3 15:56:04 2019 | DB_saveADSBInfo | Data was saved successfully
Wed Jul  3 15:56:04 2019 | DB_saveAirline | Data was saved successfully
Wed Jul  3 15:56:12 2019 | DB_saveADSBInfo | Data was saved successfully
Wed Jul  3 15:56:12 2019 | DB_saveAirline | Data was saved successfully
Wed Jul  3 15:56:15 2019 | DB_saveADSBInfo | Data was saved successfully
Wed Jul  3 15:56:15 2019 | DB_saveAirline | Data was saved successfully
Wed Jul  3 15:56:17 2019 | DB_saveADSBInfo | Data was saved successfully
Wed Jul  3 15:56:17 2019 | DB_saveAirline | Data was saved successfully
Wed Jul  3 15:56:28 2019 | DB_saveADSBInfo | Data was saved successfully
Wed Jul  3 15:56:28 2019 | DB_saveAirline | Data was saved successfully
Wed Jul  3 15:56:39 2019 | DB_saveADSBInfo | Data was saved successfully
Wed Jul  3 15:56:39 2019 | DB_saveAirline | Data was saved successfully
Wed Jul  3 15:56:41 2019 | DB_saveADSBInfo | Data was saved successfully
Wed Jul  3 15:56:41 2019 | DB_saveAirline | Data was saved successfully
Wed Jul  3 15:56:45 2019 | DB_saveADSBInfo | Data was saved successfully
Wed Jul  3 15:56:45 2019 | DB_saveAirline | Data was saved successfully
Wed Jul  3 15:56:47 2019 | DB_saveADSBInfo | Data was saved successfully
Wed Jul  3 15:56:47 2019 | DB_saveAirline | Data was saved successfully
Wed Jul  3 15:56:48 2019 | DB_saveADSBInfo | Data was saved successfully
Wed Jul  3 15:56:49 2019 | DB_saveAirline | Data was saved successfully
Wed Jul  3 15:56:51 2019 | DB_saveADSBInfo | Data was saved successfully
Wed Jul  3 15:56:51 2019 | DB_saveAirline | Data was saved successfully
Wed Jul  3 15:56:53 2019 | DB_saveADSBInfo | Data was saved successfully
Wed Jul  3 15:56:53 2019 | DB_saveAirline | Data was saved successfully
Wed Jul  3 15:56:55 2019 | DB_saveADSBInfo | Data was saved successfully
Wed Jul  3 15:56:55 2019 | DB_saveAirline | Data was saved successfully
Wed Jul  3 15:56:57 2019 | DB_saveADSBInfo | Data was saved successfully
Wed Jul  3 15:56:58 2019 | DB_saveAirline | Data was saved successfully
Wed Jul  3 15:56:59 2019 | DB_saveADSBInfo | Data was saved successfully
Wed Jul  3 15:56:59 2019 | DB_saveAirline | Data was saved successfully
Wed Jul  3 15:57:01 2019 | DB_saveADSBInfo | Data was saved successfully
Wed Jul  3 15:57:01 2019 | DB_saveAirline | Data was saved successfully
Wed Jul  3 15:57:02 2019 | DB_saveADSBInfo | Data was saved successfully
Wed Jul  3 15:57:02 2019 | DB_saveAirline | Data was saved successfully
Wed Jul  3 15:57:04 2019 | DB_saveADSBInfo | Data was saved successfully
Wed Jul  3 15:57:05 2019 | DB_saveAirline | Data was saved successfully
Wed Jul  3 16:03:36 2019 | DB_saveADSBInfo | Data was saved successfully
Wed Jul  3 16:03:36 2019 | DB_saveAirline | Data was saved successfully
Wed Jul  3 16:03:44 2019 | DB_saveADSBInfo | Data was saved successfully
Wed Jul  3 16:03:44 2019 | DB_saveAirline | Data was saved successfully
Wed Jul  3 16:03:47 2019 | DB_saveADSBInfo | Data was saved successfully
Wed Jul  3 16:03:47 2019 | DB_saveAirline | Data was saved successfully
Wed Jul  3 16:03:49 2019 | DB_saveADSBInfo | Data was saved successfully
Wed Jul  3 16:03:49 2019 | DB_saveAirline | Data was saved successfully
Wed Jul  3 16:04:01 2019 | DB_saveADSBInfo | Data was saved successfully
Wed Jul  3 16:04:01 2019 | DB_saveAirline | Data was saved successfully
Wed Jul  3 16:04:05 2019 | DB_saveADSBInfo | Data was saved successfully
Wed Jul  3 16:04:05 2019 | DB_saveAirline | Data was saved successfully
Wed Jul  3 16:04:06 2019 | DB_saveADSBInfo | Data was saved successfully
Wed Jul  3 16:04:06 2019 | DB_saveAirline | Data was saved successfully
Wed Jul  3 16:04:09 2019 | DB_saveADSBInfo | Data was saved successfully
Wed Jul  3 16:04:09 2019 | DB_saveAirline | Data was saved successfully
Wed Jul  3 16:04:12 2019 | DB_saveADSBInfo | Data was saved successfully
Wed Jul  3 16:04:12 2019 | DB_saveAirline | Data was saved successfully
Wed Jul  3 16:04:17 2019 | DB_saveADSBInfo | Data was saved successfully
Wed Jul  3 16:04:18 2019 | DB_saveAirline | Data was saved successfully
Wed Jul  3 16:04:19 2019 | DB_saveADSBInfo | Data was saved successfully
Wed Jul  3 16:04:19 2019 | DB_saveAirline | Data was saved successfully
Wed Jul  3 16:04:24 2019 | DB_saveADSBInfo | Data was saved successfully
Wed Jul  3 16:04:24 2019 | DB_saveAirline | Data was saved successfully
Wed Jul  3 16:04:27 2019 | DB_saveADSBInfo | Data was saved successfully
Wed Jul  3 16:04:27 2019 | DB_saveAirline | Data was saved successfully
Wed Jul  3 16:04:31 2019 | DB_saveADSBInfo | Data was saved successfully
Wed Jul  3 16:04:31 2019 | DB_saveAirline | Data was saved successfully
Wed Jul  3 16:04:36 2019 | DB_saveADSBInfo | Data was saved successfully
Wed Jul  3 16:04:36 2019 | DB_saveAirline | Data was saved successfully
Wed Jul  3 16:04:38 2019 | DB_saveADSBInfo | Data was saved successfully
Wed Jul  3 16:04:38 2019 | DB_saveAirline | Data was saved successfully
Wed Jul  3 16:04:39 2019 | DB_saveADSBInfo | Data was saved successfully
Wed Jul  3 16:04:39 2019 | DB_saveAirline | Data was saved successfully
Wed Jul  3 16:04:41 2019 | DB_saveADSBInfo | Data was saved successfully
Wed Jul  3 16:04:41 2019 | DB_saveAirline | Data was saved successfully
Wed Jul  3 16:04:43 2019 | DB_saveADSBInfo | Data was saved successfully
Wed Jul  3 16:04:43 2019 | DB_saveAirline | Data was saved successfully
Wed Jul  3 16:04:51 2019 | DB_saveADSBInfo | Data was saved successfully
Wed Jul  3 16:04:51 2019 | DB_saveAirline | Data was saved successfully
Wed Jul  3 16:04:54 2019 | DB_saveADSBInfo | Data was saved successfully
Wed Jul  3 16:04:54 2019 | DB_saveAirline | Data was saved successfully
Wed Jul  3 16:04:56 2019 | DB_saveADSBInfo | Data was saved successfully
Wed Jul  3 16:04:56 2019 | DB_saveAirline | Data was saved successfully
Wed Jul  3 16:05:03 2019 | DB_saveADSBInfo | Data was saved successfully
Wed Jul  3 16:05:03 2019 | DB_saveAirline | Data was saved successfully
Wed Jul  3 16:05:15 2019 | DB_saveADSBInfo | Data was saved successfully
Wed Jul  3 16:05:15 2019 | DB_saveAirline | Data was saved successfully
Wed Jul  3 16:05:18 2019 | DB_saveADSBInfo | Data was saved successfully
Wed Jul  3 16:05:18 2019 | DB_saveAirline | Data was saved successfully
Wed Jul  3 16:05:20 2019 | DB_saveADSBInfo | Data was saved successfully
Wed Jul  3 16:05:20 2019 | DB_saveAirline | Data was saved successfully
Wed Jul  3 16:05:35 2019 | DB_saveADSBInfo | Data was saved successfully
Wed Jul  3 16:05:35 2019 | DB_saveAirline | Data was saved successfully
Wed Jul  3 16:05:37 2019 | DB_saveADSBInfo | Data was saved successfully
Wed Jul  3 16:05:37 2019 | DB_saveAirline | Data was saved successfully
Wed Jul  3 16:05:42 2019 | DB_saveADSBInfo | Data was saved successfully
Wed Jul  3 16:05:43 2019 | DB_saveAirline | Data was saved successfully
Wed Jul  3 16:05:45 2019 | DB_saveADSBInfo | Data was saved successfully
Wed Jul  3 16:05:45 2019 | DB_saveAirline | Data was saved successfully
Wed Jul  3 16:05:47 2019 | DB_saveADSBInfo | Data was saved successfully
Wed Jul  3 16:05:47 2019 | DB_saveAirline | Data was saved successfully
Wed Jul  3 16:05:53 2019 | DB_saveADSBInfo | Data was saved successfully
Wed Jul  3 16:05:53 2019 | DB_saveAirline | Data was saved successfully
Wed Jul  3 16:06:02 2019 | DB_saveADSBInfo | Data was saved successfully
Wed Jul  3 16:06:02 2019 | DB_saveAirline | Data was saved successfully
Wed Jul  3 16:06:05 2019 | DB_saveADSBInfo | Data was saved successfully
Wed Jul  3 16:06:05 2019 | DB_saveAirline | Data was saved successfully
Wed Jul  3 16:06:07 2019 | DB_saveADSBInfo | Data was saved successfully
Wed Jul  3 16:06:07 2019 | DB_saveAirline | Data was saved successfully
Wed Jul  3 16:06:17 2019 | DB_saveADSBInfo | Data was saved successfully
Wed Jul  3 16:06:17 2019 | DB_saveAirline | Data was saved successfully
Wed Jul  3 16:06:28 2019 | DB_saveADSBInfo | Data was saved successfully
Wed Jul  3 16:06:28 2019 | DB_saveAirline | Data was saved successfully
Wed Jul  3 16:06:30 2019 | DB_saveADSBInfo | Data was saved successfully
Wed Jul  3 16:06:30 2019 | DB_saveAirline | Data was saved successfully
Wed Jul  3 16:06:34 2019 | DB_saveADSBInfo | Data was saved successfully
Wed Jul  3 16:06:34 2019 | DB_saveAirline | Data was saved successfully
Wed Jul  3 16:06:37 2019 | DB_saveADSBInfo | Data was saved successfully
Wed Jul  3 16:06:37 2019 | DB_saveAirline | Data was saved successfully
Wed Jul  3 16:06:38 2019 | DB_saveADSBInfo | Data was saved successfully
Wed Jul  3 16:06:38 2019 | DB_saveAirline | Data was saved successfully
Wed Jul  3 16:06:40 2019 | DB_saveADSBInfo | Data was saved successfully
Wed Jul  3 16:06:40 2019 | DB_saveAirline | Data was saved successfully
Wed Jul  3 16:06:42 2019 | DB_saveADSBInfo | Data was saved successfully
Wed Jul  3 16:06:42 2019 | DB_saveAirline | Data was saved successfully
Wed Jul  3 16:06:44 2019 | DB_saveADSBInfo | Data was saved successfully
Wed Jul  3 16:06:45 2019 | DB_saveAirline | Data was saved successfully
Wed Jul  3 16:06:47 2019 | DB_saveADSBInfo | Data was saved successfully
Wed Jul  3 16:06:47 2019 | DB_saveAirline | Data was saved successfully
Wed Jul  3 16:06:48 2019 | DB_saveADSBInfo | Data was saved successfully
Wed Jul  3 16:06:48 2019 | DB_saveAirline | Data was saved successfully
Wed Jul  3 16:06:50 2019 | DB_saveADSBInfo | Data was saved successfully
Wed Jul  3 16:06:50 2019 | DB_saveAirline | Data was saved successfully
Wed Jul  3 16:06:51 2019 | DB_saveADSBInfo | Data was saved successfully
Wed Jul  3 16:06:52 2019 | DB_saveAirline | Data was saved successfully
Wed Jul  3 16:06:54 2019 | DB_saveADSBInfo | Data was saved successfully
Wed Jul  3 16:06:54 2019 | DB_saveAirline | Data was saved successfully
Wed Jul  3 16:54:50 2019 | DB_saveADSBInfo | Data was saved successfully
Wed Jul  3 16:54:50 2019 | DB_saveAirline | Data was saved successfully
Wed Jul  3 16:54:58 2019 | DB_saveADSBInfo | Data was saved successfully
Wed Jul  3 16:54:58 2019 | DB_saveAirline | Data was saved successfully
Wed Jul  3 16:55:00 2019 | DB_saveADSBInfo | Data was saved successfully
Wed Jul  3 16:55:00 2019 | DB_saveAirline | Data was saved successfully
Wed Jul  3 16:55:02 2019 | DB_saveADSBInfo | Data was saved successfully
Wed Jul  3 16:55:02 2019 | DB_saveAirline | Data was saved successfully
Wed Jul  3 16:55:15 2019 | DB_saveADSBInfo | Data was saved successfully
Wed Jul  3 16:55:15 2019 | DB_saveAirline | Data was saved successfully
Wed Jul  3 16:55:18 2019 | DB_saveADSBInfo | Data was saved successfully
Wed Jul  3 16:55:18 2019 | DB_saveAirline | Data was saved successfully
Wed Jul  3 16:55:19 2019 | DB_saveADSBInfo | Data was saved successfully
Wed Jul  3 16:55:19 2019 | DB_saveAirline | Data was saved successfully
Wed Jul  3 16:55:22 2019 | DB_saveADSBInfo | Data was saved successfully
Wed Jul  3 16:55:22 2019 | DB_saveAirline | Data was saved successfully
Wed Jul  3 16:55:26 2019 | DB_saveADSBInfo | Data was saved successfully
Wed Jul  3 16:55:26 2019 | DB_saveAirline | Data was saved successfully
Wed Jul  3 16:55:31 2019 | DB_saveADSBInfo | Data was saved successfully
Wed Jul  3 16:55:31 2019 | DB_saveAirline | Data was saved successfully
Wed Jul  3 16:55:32 2019 | DB_saveADSBInfo | Data was saved successfully
Wed Jul  3 16:55:32 2019 | DB_saveAirline | Data was saved successfully
Wed Jul  3 16:55:37 2019 | DB_saveADSBInfo | Data was saved successfully
Wed Jul  3 16:55:38 2019 | DB_saveAirline | Data was saved successfully
Wed Jul  3 16:55:41 2019 | DB_saveADSBInfo | Data was saved successfully
Wed Jul  3 16:55:41 2019 | DB_saveAirline | Data was saved successfully
Wed Jul  3 16:55:46 2019 | DB_saveADSBInfo | Data was saved successfully
Wed Jul  3 16:55:46 2019 | DB_saveAirline | Data was saved successfully
Wed Jul  3 16:55:51 2019 | DB_saveADSBInfo | Data was saved successfully
Wed Jul  3 16:55:51 2019 | DB_saveAirline | Data was saved successfully
Wed Jul  3 16:55:53 2019 | DB_saveADSBInfo | Data was saved successfully
Wed Jul  3 16:55:53 2019 | DB_saveAirline | Data was saved successfully
Wed Jul  3 16:55:54 2019 | DB_saveADSBInfo | Data was saved successfully
Wed Jul  3 16:55:54 2019 | DB_saveAirline | Data was saved successfully
Wed Jul  3 16:55:56 2019 | DB_saveADSBInfo | Data was saved successfully
Wed Jul  3 16:55:56 2019 | DB_saveAirline | Data was saved successfully
Wed Jul  3 16:55:58 2019 | DB_saveADSBInfo | Data was saved successfully
Wed Jul  3 16:55:58 2019 | DB_saveAirline | Data was saved successfully
Wed Jul  3 16:56:06 2019 | DB_saveADSBInfo | Data was saved successfully
Wed Jul  3 16:56:06 2019 | DB_saveAirline | Data was saved successfully
Wed Jul  3 16:56:09 2019 | DB_saveADSBInfo | Data was saved successfully
Wed Jul  3 16:56:09 2019 | DB_saveAirline | Data was saved successfully
Wed Jul  3 16:56:12 2019 | DB_saveADSBInfo | Data was saved successfully
Wed Jul  3 16:56:12 2019 | DB_saveAirline | Data was saved successfully
Wed Jul  3 16:56:18 2019 | DB_saveADSBInfo | Data was saved successfully
Wed Jul  3 16:56:19 2019 | DB_saveAirline | Data was saved successfully
Wed Jul  3 16:56:31 2019 | DB_saveADSBInfo | Data was saved successfully
Wed Jul  3 16:56:31 2019 | DB_saveAirline | Data was saved successfully
Wed Jul  3 16:56:34 2019 | DB_saveADSBInfo | Data was saved successfully
Wed Jul  3 16:56:34 2019 | DB_saveAirline | Data was saved successfully
Wed Jul  3 16:56:37 2019 | DB_saveADSBInfo | Data was saved successfully
Wed Jul  3 16:56:37 2019 | DB_saveAirline | Data was saved successfully
Wed Jul  3 16:56:52 2019 | DB_saveADSBInfo | Data was saved successfully
Wed Jul  3 16:56:52 2019 | DB_saveAirline | Data was saved successfully
Wed Jul  3 16:56:54 2019 | DB_saveADSBInfo | Data was saved successfully
Wed Jul  3 16:56:54 2019 | DB_saveAirline | Data was saved successfully
Wed Jul  3 16:56:59 2019 | DB_saveADSBInfo | Data was saved successfully
Wed Jul  3 16:56:59 2019 | DB_saveAirline | Data was saved successfully
Wed Jul  3 16:57:01 2019 | DB_saveADSBInfo | Data was saved successfully
Wed Jul  3 16:57:01 2019 | DB_saveAirline | Data was saved successfully
Wed Jul  3 16:57:04 2019 | DB_saveADSBInfo | Data was saved successfully
Wed Jul  3 16:57:05 2019 | DB_saveAirline | Data was saved successfully
Wed Jul  3 16:57:11 2019 | DB_saveADSBInfo | Data was saved successfully
Wed Jul  3 16:57:11 2019 | DB_saveAirline | Data was saved successfully
Wed Jul  3 16:57:19 2019 | DB_saveADSBInfo | Data was saved successfully
Wed Jul  3 16:57:19 2019 | DB_saveAirline | Data was saved successfully
Wed Jul  3 16:57:22 2019 | DB_saveADSBInfo | Data was saved successfully
Wed Jul  3 16:57:23 2019 | DB_saveAirline | Data was saved successfully
Wed Jul  3 16:57:25 2019 | DB_saveADSBInfo | Data was saved successfully
Wed Jul  3 16:57:25 2019 | DB_saveAirline | Data was saved successfully
Wed Jul  3 16:57:35 2019 | DB_saveADSBInfo | Data was saved successfully
Wed Jul  3 16:57:35 2019 | DB_saveAirline | Data was saved successfully
Wed Jul  3 16:57:46 2019 | DB_saveADSBInfo | Data was saved successfully
Wed Jul  3 16:57:46 2019 | DB_saveAirline | Data was saved successfully
Wed Jul  3 16:57:48 2019 | DB_saveADSBInfo | Data was saved successfully
Wed Jul  3 16:57:48 2019 | DB_saveAirline | Data was saved successfully
Wed Jul  3 16:57:52 2019 | DB_saveADSBInfo | Data was saved successfully
Wed Jul  3 16:57:52 2019 | DB_saveAirline | Data was saved successfully
Wed Jul  3 16:57:54 2019 | DB_saveADSBInfo | Data was saved successfully
Wed Jul  3 16:57:54 2019 | DB_saveAirline | Data was saved successfully
Wed Jul  3 16:57:55 2019 | DB_saveADSBInfo | Data was saved successfully
Wed Jul  3 16:57:56 2019 | DB_saveAirline | Data was saved successfully
Wed Jul  3 16:57:58 2019 | DB_saveADSBInfo | Data was saved successfully
Wed Jul  3 16:57:58 2019 | DB_saveAirline | Data was saved successfully
Wed Jul  3 16:58:00 2019 | DB_saveADSBInfo | Data was saved successfully
Wed Jul  3 16:58:00 2019 | DB_saveAirline | Data was saved successfully
Wed Jul  3 16:58:02 2019 | DB_saveADSBInfo | Data was saved successfully
Wed Jul  3 16:58:02 2019 | DB_saveAirline | Data was saved successfully
Wed Jul  3 16:58:04 2019 | DB_saveADSBInfo | Data was saved successfully
Wed Jul  3 16:58:04 2019 | DB_saveAirline | Data was saved successfully
Wed Jul  3 16:58:06 2019 | DB_saveADSBInfo | Data was saved successfully
Wed Jul  3 16:58:06 2019 | DB_saveAirline | Data was saved successfully
Wed Jul  3 16:58:08 2019 | DB_saveADSBInfo | Data was saved successfully
Wed Jul  3 16:58:08 2019 | DB_saveAirline | Data was saved successfully
Wed Jul  3 16:58:09 2019 | DB_saveADSBInfo | Data was saved successfully
Wed Jul  3 16:58:09 2019 | DB_saveAirline | Data was saved successfully
Wed Jul  3 16:58:11 2019 | DB_saveADSBInfo | Data was saved successfully
Wed Jul  3 16:58:11 2019 | DB_saveAirline | Data was saved successfully
Wed Jul  3 17:23:15 2019 | DB_saveADSBInfo | Data was saved successfully
Wed Jul  3 17:23:15 2019 | DB_saveAirline | Data was saved successfully
Wed Jul  3 17:23:23 2019 | DB_saveADSBInfo | Data was saved successfully
Wed Jul  3 17:23:23 2019 | DB_saveAirline | Data was saved successfully
Wed Jul  3 17:23:25 2019 | DB_saveADSBInfo | Data was saved successfully
Wed Jul  3 17:23:26 2019 | DB_saveAirline | Data was saved successfully
Wed Jul  3 17:23:28 2019 | DB_saveADSBInfo | Data was saved successfully
Wed Jul  3 17:23:28 2019 | DB_saveAirline | Data was saved successfully
Wed Jul  3 17:23:40 2019 | DB_saveADSBInfo | Data was saved successfully
Wed Jul  3 17:23:40 2019 | DB_saveAirline | Data was saved successfully
Wed Jul  3 17:23:43 2019 | DB_saveADSBInfo | Data was saved successfully
Wed Jul  3 17:23:43 2019 | DB_saveAirline | Data was saved successfully
Wed Jul  3 17:23:44 2019 | DB_saveADSBInfo | Data was saved successfully
Wed Jul  3 17:23:44 2019 | DB_saveAirline | Data was saved successfully
Wed Jul  3 17:23:47 2019 | DB_saveADSBInfo | Data was saved successfully
Wed Jul  3 17:23:48 2019 | DB_saveAirline | Data was saved successfully
Wed Jul  3 17:23:51 2019 | DB_saveADSBInfo | Data was saved successfully
Wed Jul  3 17:23:51 2019 | DB_saveAirline | Data was saved successfully
Wed Jul  3 17:23:56 2019 | DB_saveADSBInfo | Data was saved successfully
Wed Jul  3 17:23:56 2019 | DB_saveAirline | Data was saved successfully
Wed Jul  3 17:23:57 2019 | DB_saveADSBInfo | Data was saved successfully
Wed Jul  3 17:23:57 2019 | DB_saveAirline | Data was saved successfully
Wed Jul  3 17:24:02 2019 | DB_saveADSBInfo | Data was saved successfully
Wed Jul  3 17:24:02 2019 | DB_saveAirline | Data was saved successfully
Wed Jul  3 17:24:05 2019 | DB_saveADSBInfo | Data was saved successfully
Wed Jul  3 17:24:05 2019 | DB_saveAirline | Data was saved successfully
Wed Jul  3 17:24:09 2019 | DB_saveADSBInfo | Data was saved successfully
Wed Jul  3 17:24:09 2019 | DB_saveAirline | Data was saved successfully
Wed Jul  3 17:24:14 2019 | DB_saveADSBInfo | Data was saved successfully
Wed Jul  3 17:24:14 2019 | DB_saveAirline | Data was saved successfully
Wed Jul  3 17:24:16 2019 | DB_saveADSBInfo | Data was saved successfully
Wed Jul  3 17:24:16 2019 | DB_saveAirline | Data was saved successfully
Wed Jul  3 17:24:17 2019 | DB_saveADSBInfo | Data was saved successfully
Wed Jul  3 17:24:17 2019 | DB_saveAirline | Data was saved successfully
Wed Jul  3 17:24:19 2019 | DB_saveADSBInfo | Data was saved successfully
Wed Jul  3 17:24:19 2019 | DB_saveAirline | Data was saved successfully
Wed Jul  3 17:24:20 2019 | DB_saveADSBInfo | Data was saved successfully
Wed Jul  3 17:24:20 2019 | DB_saveAirline | Data was saved successfully
Wed Jul  3 17:24:29 2019 | DB_saveADSBInfo | Data was saved successfully
Wed Jul  3 17:24:29 2019 | DB_saveAirline | Data was saved successfully
Wed Jul  3 17:24:32 2019 | DB_saveADSBInfo | Data was saved successfully
Wed Jul  3 17:24:32 2019 | DB_saveAirline | Data was saved successfully
Wed Jul  3 17:24:34 2019 | DB_saveADSBInfo | Data was saved successfully
Wed Jul  3 17:24:34 2019 | DB_saveAirline | Data was saved successfully
Wed Jul  3 17:24:40 2019 | DB_saveADSBInfo | Data was saved successfully
Wed Jul  3 17:24:40 2019 | DB_saveAirline | Data was saved successfully
Wed Jul  3 17:24:52 2019 | DB_saveADSBInfo | Data was saved successfully
Wed Jul  3 17:24:52 2019 | DB_saveAirline | Data was saved successfully
Wed Jul  3 17:24:56 2019 | DB_saveADSBInfo | Data was saved successfully
Wed Jul  3 17:24:56 2019 | DB_saveAirline | Data was saved successfully
Wed Jul  3 17:24:58 2019 | DB_saveADSBInfo | Data was saved successfully
Wed Jul  3 17:24:58 2019 | DB_saveAirline | Data was saved successfully
Wed Jul  3 17:25:13 2019 | DB_saveADSBInfo | Data was saved successfully
Wed Jul  3 17:25:13 2019 | DB_saveAirline | Data was saved successfully
Wed Jul  3 17:25:15 2019 | DB_saveADSBInfo | Data was saved successfully
Wed Jul  3 17:25:15 2019 | DB_saveAirline | Data was saved successfully
Wed Jul  3 17:25:20 2019 | DB_saveADSBInfo | Data was saved successfully
Wed Jul  3 17:25:20 2019 | DB_saveAirline | Data was saved successfully
Wed Jul  3 17:25:23 2019 | DB_saveADSBInfo | Data was saved successfully
Wed Jul  3 17:25:23 2019 | DB_saveAirline | Data was saved successfully
Wed Jul  3 17:25:25 2019 | DB_saveADSBInfo | Data was saved successfully
Wed Jul  3 17:25:25 2019 | DB_saveAirline | Data was saved successfully
Wed Jul  3 17:25:31 2019 | DB_saveADSBInfo | Data was saved successfully
Wed Jul  3 17:25:31 2019 | DB_saveAirline | Data was saved successfully
Wed Jul  3 17:25:39 2019 | DB_saveADSBInfo | Data was saved successfully
Wed Jul  3 17:25:39 2019 | DB_saveAirline | Data was saved successfully
Wed Jul  3 17:25:42 2019 | DB_saveADSBInfo | Data was saved successfully
Wed Jul  3 17:25:43 2019 | DB_saveAirline | Data was saved successfully
Wed Jul  3 17:25:45 2019 | DB_saveADSBInfo | Data was saved successfully
Wed Jul  3 17:25:45 2019 | DB_saveAirline | Data was saved successfully
Wed Jul  3 17:25:55 2019 | DB_saveADSBInfo | Data was saved successfully
Wed Jul  3 17:25:55 2019 | DB_saveAirline | Data was saved successfully
Wed Jul  3 17:26:07 2019 | DB_saveADSBInfo | Data was saved successfully
Wed Jul  3 17:26:07 2019 | DB_saveAirline | Data was saved successfully
Wed Jul  3 17:26:10 2019 | DB_saveADSBInfo | Data was saved successfully
Wed Jul  3 17:26:11 2019 | DB_saveAirline | Data was saved successfully
Wed Jul  3 17:26:15 2019 | DB_saveADSBInfo | Data was saved successfully
Wed Jul  3 17:26:16 2019 | DB_saveAirline | Data was saved successfully
Wed Jul  3 17:26:18 2019 | DB_saveADSBInfo | Data was saved successfully
Wed Jul  3 17:26:19 2019 | DB_saveAirline | Data was saved successfully
Wed Jul  3 17:26:20 2019 | DB_saveADSBInfo | Data was saved successfully
Wed Jul  3 17:26:21 2019 | DB_saveAirline | Data was saved successfully
Wed Jul  3 17:26:23 2019 | DB_saveADSBInfo | Data was saved successfully
Wed Jul  3 17:26:23 2019 | DB_saveAirline | Data was saved successfully
Wed Jul  3 17:26:27 2019 | DB_saveADSBInfo | Data was saved successfully
Wed Jul  3 17:26:27 2019 | DB_saveAirline | Data was saved successfully
Wed Jul  3 17:26:29 2019 | DB_saveADSBInfo | Data was saved successfully
Wed Jul  3 17:26:29 2019 | DB_saveAirline | Data was saved successfully
Wed Jul  3 17:26:31 2019 | DB_saveADSBInfo | Data was saved successfully
Wed Jul  3 17:26:31 2019 | DB_saveAirline | Data was saved successfully
Wed Jul  3 17:26:33 2019 | DB_saveADSBInfo | Data was saved successfully
Wed Jul  3 17:26:33 2019 | DB_saveAirline | Data was saved successfully
Wed Jul  3 17:26:35 2019 | DB_saveADSBInfo | Data was saved successfully
Wed Jul  3 17:26:35 2019 | DB_saveAirline | Data was saved successfully
Wed Jul  3 17:26:36 2019 | DB_saveADSBInfo | Data was saved successfully
Wed Jul  3 17:26:36 2019 | DB_saveAirline | Data was saved successfully
Wed Jul  3 17:26:38 2019 | DB_saveADSBInfo | Data was saved successfully
Wed Jul  3 17:26:38 2019 | DB_saveAirline | Data was saved successfully
Mon Jul 15 17:43:44 2019 | DB_saveADSBInfo | Data was saved successfully
Mon Jul 15 17:43:45 2019 | DB_saveAirline | Data was saved successfully
Mon Jul 15 17:43:53 2019 | DB_saveADSBInfo | Data was saved successfully
Mon Jul 15 17:43:53 2019 | DB_saveAirline | Data was saved successfully
Mon Jul 15 17:43:55 2019 | DB_saveADSBInfo | Data was saved successfully
Mon Jul 15 17:43:55 2019 | DB_saveAirline | Data was saved successfully
Mon Jul 15 17:43:57 2019 | DB_saveADSBInfo | Data was saved successfully
Mon Jul 15 17:43:57 2019 | DB_saveAirline | Data was saved successfully
Mon Jul 15 17:44:10 2019 | DB_saveADSBInfo | Data was saved successfully
Mon Jul 15 17:44:10 2019 | DB_saveAirline | Data was saved successfully
Mon Jul 15 17:44:13 2019 | DB_saveADSBInfo | Data was saved successfully
Mon Jul 15 17:44:13 2019 | DB_saveAirline | Data was saved successfully
Mon Jul 15 17:44:14 2019 | DB_saveADSBInfo | Data was saved successfully
Mon Jul 15 17:44:14 2019 | DB_saveAirline | Data was saved successfully
Mon Jul 15 17:44:17 2019 | DB_saveADSBInfo | Data was saved successfully
Mon Jul 15 17:44:17 2019 | DB_saveAirline | Data was saved successfully
Mon Jul 15 17:44:20 2019 | DB_saveADSBInfo | Data was saved successfully
Mon Jul 15 17:44:21 2019 | DB_saveAirline | Data was saved successfully
Mon Jul 15 17:44:26 2019 | DB_saveADSBInfo | Data was saved successfully
Mon Jul 15 17:44:26 2019 | DB_saveAirline | Data was saved successfully
Mon Jul 15 17:44:27 2019 | DB_saveADSBInfo | Data was saved successfully
Mon Jul 15 17:44:27 2019 | DB_saveAirline | Data was saved successfully
Mon Jul 15 17:44:32 2019 | DB_saveADSBInfo | Data was saved successfully
Mon Jul 15 17:44:32 2019 | DB_saveAirline | Data was saved successfully
Mon Jul 15 17:44:35 2019 | DB_saveADSBInfo | Data was saved successfully
Mon Jul 15 17:44:35 2019 | DB_saveAirline | Data was saved successfully
Mon Jul 15 17:44:40 2019 | DB_saveADSBInfo | Data was saved successfully
Mon Jul 15 17:44:40 2019 | DB_saveAirline | Data was saved successfully
Mon Jul 15 17:44:45 2019 | DB_saveADSBInfo | Data was saved successfully
Mon Jul 15 17:44:45 2019 | DB_saveAirline | Data was saved successfully
Mon Jul 15 17:44:46 2019 | DB_saveADSBInfo | Data was saved successfully
Mon Jul 15 17:44:46 2019 | DB_saveAirline | Data was saved successfully
Mon Jul 15 17:44:47 2019 | DB_saveADSBInfo | Data was saved successfully
Mon Jul 15 17:44:47 2019 | DB_saveAirline | Data was saved successfully
Mon Jul 15 17:44:49 2019 | DB_saveADSBInfo | Data was saved successfully
Mon Jul 15 17:44:50 2019 | DB_saveAirline | Data was saved successfully
Mon Jul 15 17:44:51 2019 | DB_saveADSBInfo | Data was saved successfully
Mon Jul 15 17:44:51 2019 | DB_saveAirline | Data was saved successfully
Mon Jul 15 17:44:59 2019 | DB_saveADSBInfo | Data was saved successfully
Mon Jul 15 17:44:59 2019 | DB_saveAirline | Data was saved successfully
Mon Jul 15 17:45:02 2019 | DB_saveADSBInfo | Data was saved successfully
Mon Jul 15 17:45:02 2019 | DB_saveAirline | Data was saved successfully
Mon Jul 15 17:45:04 2019 | DB_saveADSBInfo | Data was saved successfully
Mon Jul 15 17:45:04 2019 | DB_saveAirline | Data was saved successfully
Mon Jul 15 17:45:11 2019 | DB_saveADSBInfo | Data was saved successfully
Mon Jul 15 17:45:11 2019 | DB_saveAirline | Data was saved successfully
Mon Jul 15 17:45:23 2019 | DB_saveADSBInfo | Data was saved successfully
Mon Jul 15 17:45:23 2019 | DB_saveAirline | Data was saved successfully
Mon Jul 15 17:45:26 2019 | DB_saveADSBInfo | Data was saved successfully
Mon Jul 15 17:45:26 2019 | DB_saveAirline | Data was saved successfully
Mon Jul 15 17:45:28 2019 | DB_saveADSBInfo | Data was saved successfully
Mon Jul 15 17:45:28 2019 | DB_saveAirline | Data was saved successfully
Mon Jul 15 17:45:43 2019 | DB_saveADSBInfo | Data was saved successfully
Mon Jul 15 17:45:43 2019 | DB_saveAirline | Data was saved successfully
Mon Jul 15 17:45:46 2019 | DB_saveADSBInfo | Data was saved successfully
Mon Jul 15 17:45:46 2019 | DB_saveAirline | Data was saved successfully
Mon Jul 15 17:45:51 2019 | DB_saveADSBInfo | Data was saved successfully
Mon Jul 15 17:45:51 2019 | DB_saveAirline | Data was saved successfully
Mon Jul 15 17:45:53 2019 | DB_saveADSBInfo | Data was saved successfully
Mon Jul 15 17:45:53 2019 | DB_saveAirline | Data was saved successfully
Mon Jul 15 17:45:55 2019 | DB_saveADSBInfo | Data was saved successfully
Mon Jul 15 17:45:55 2019 | DB_saveAirline | Data was saved successfully
Mon Jul 15 17:46:01 2019 | DB_saveADSBInfo | Data was saved successfully
Mon Jul 15 17:46:02 2019 | DB_saveAirline | Data was saved successfully
Mon Jul 15 17:46:10 2019 | DB_saveADSBInfo | Data was saved successfully
Mon Jul 15 17:46:10 2019 | DB_saveAirline | Data was saved successfully
Mon Jul 15 17:46:13 2019 | DB_saveADSBInfo | Data was saved successfully
Mon Jul 15 17:46:13 2019 | DB_saveAirline | Data was saved successfully
Mon Jul 15 17:46:15 2019 | DB_saveADSBInfo | Data was saved successfully
Mon Jul 15 17:46:15 2019 | DB_saveAirline | Data was saved successfully
Mon Jul 15 17:46:26 2019 | DB_saveADSBInfo | Data was saved successfully
Mon Jul 15 17:46:26 2019 | DB_saveAirline | Data was saved successfully
Mon Jul 15 17:46:36 2019 | DB_saveADSBInfo | Data was saved successfully
Mon Jul 15 17:46:37 2019 | DB_saveAirline | Data was saved successfully
Mon Jul 15 17:46:39 2019 | DB_saveADSBInfo | Data was saved successfully
Mon Jul 15 17:46:39 2019 | DB_saveAirline | Data was saved successfully
Mon Jul 15 17:46:43 2019 | DB_saveADSBInfo | Data was saved successfully
Mon Jul 15 17:46:43 2019 | DB_saveAirline | Data was saved successfully
Mon Jul 15 17:46:46 2019 | DB_saveADSBInfo | Data was saved successfully
Mon Jul 15 17:46:46 2019 | DB_saveAirline | Data was saved successfully
Mon Jul 15 17:46:47 2019 | DB_saveADSBInfo | Data was saved successfully
Mon Jul 15 17:46:47 2019 | DB_saveAirline | Data was saved successfully
Mon Jul 15 17:46:49 2019 | DB_saveADSBInfo | Data was saved successfully
Mon Jul 15 17:46:50 2019 | DB_saveAirline | Data was saved successfully
Mon Jul 15 17:46:52 2019 | DB_saveADSBInfo | Data was saved successfully
Mon Jul 15 17:46:52 2019 | DB_saveAirline | Data was saved successfully
Mon Jul 15 17:46:54 2019 | DB_saveADSBInfo | Data was saved successfully
Mon Jul 15 17:46:54 2019 | DB_saveAirline | Data was saved successfully
Mon Jul 15 17:46:57 2019 | DB_saveADSBInfo | Data was saved successfully
Mon Jul 15 17:46:57 2019 | DB_saveAirline | Data was saved successfully
Mon Jul 15 17:46:58 2019 | DB_saveADSBInfo | Data was saved successfully
Mon Jul 15 17:46:58 2019 | DB_saveAirline | Data was saved successfully
Mon Jul 15 17:47:00 2019 | DB_saveADSBInfo | Data was saved successfully
Mon Jul 15 17:47:00 2019 | DB_saveAirline | Data was saved successfully
Mon Jul 15 17:47:02 2019 | DB_saveADSBInfo | Data was saved successfully
Mon Jul 15 17:47:02 2019 | DB_saveAirline | Data was saved successfully
Mon Jul 15 17:47:04 2019 | DB_saveADSBInfo | Data was saved successfully
Mon Jul 15 17:47:04 2019 | DB_saveAirline | Data was saved successfully
Mon Aug  5 10:51:51 2019 | SERIAL_open | MicroADSB_Colector was opened succesfully
Mon Aug  5 10:51:57 2019 | SERIAL_configure | MicroADSB_Colector configured
Mon Aug  5 10:52:14 2019 | suddenStop | Collector was closed
Mon Aug  5 10:53:49 2019 | DB_saveADSBInfo | Data was saved successfully
Mon Aug  5 10:53:49 2019 | DB_saveAirline | Data was saved successfully
Mon Aug  5 10:53:57 2019 | DB_saveADSBInfo | Data was saved successfully
Mon Aug  5 10:53:58 2019 | DB_saveAirline | Data was saved successfully
Mon Aug  5 10:54:00 2019 | DB_saveADSBInfo | Data was saved successfully
Mon Aug  5 10:54:00 2019 | DB_saveAirline | Data was saved successfully
Mon Aug  5 10:54:02 2019 | DB_saveADSBInfo | Data was saved successfully
Mon Aug  5 10:54:02 2019 | DB_saveAirline | Data was saved successfully
Mon Aug  5 10:54:14 2019 | DB_saveADSBInfo | Data was saved successfully
Mon Aug  5 10:54:14 2019 | DB_saveAirline | Data was saved successfully
Mon Aug  5 10:54:17 2019 | DB_saveADSBInfo | Data was saved successfully
Mon Aug  5 10:54:17 2019 | DB_saveAirline | Data was saved successfully
Mon Aug  5 10:54:18 2019 | DB_saveADSBInfo | Data was saved successfully
Mon Aug  5 10:54:19 2019 | DB_saveAirline | Data was saved successfully
Mon Aug  5 10:54:22 2019 | DB_saveADSBInfo | Data was saved successfully
Mon Aug  5 10:54:22 2019 | DB_saveAirline | Data was saved successfully
Mon Aug  5 10:54:25 2019 | DB_saveADSBInfo | Data was saved successfully
Mon Aug  5 10:54:25 2019 | DB_saveAirline | Data was saved successfully
Mon Aug  5 10:54:30 2019 | DB_saveADSBInfo | Data was saved successfully
Mon Aug  5 10:54:30 2019 | DB_saveAirline | Data was saved successfully
Mon Aug  5 10:54:31 2019 | DB_saveADSBInfo | Data was saved successfully
Mon Aug  5 10:54:31 2019 | DB_saveAirline | Data was saved successfully
Mon Aug  5 10:54:37 2019 | DB_saveADSBInfo | Data was saved successfully
Mon Aug  5 10:54:37 2019 | DB_saveAirline | Data was saved successfully
Mon Aug  5 10:54:39 2019 | DB_saveADSBInfo | Data was saved successfully
Mon Aug  5 10:54:39 2019 | DB_saveAirline | Data was saved successfully
Mon Aug  5 10:54:43 2019 | DB_saveADSBInfo | Data was saved successfully
Mon Aug  5 10:54:44 2019 | DB_saveAirline | Data was saved successfully
Mon Aug  5 10:54:49 2019 | DB_saveADSBInfo | Data was saved successfully
Mon Aug  5 10:54:49 2019 | DB_saveAirline | Data was saved successfully
Mon Aug  5 10:54:50 2019 | DB_saveADSBInfo | Data was saved successfully
Mon Aug  5 10:54:50 2019 | DB_saveAirline | Data was saved successfully
Mon Aug  5 10:54:51 2019 | DB_saveADSBInfo | Data was saved successfully
Mon Aug  5 10:54:51 2019 | DB_saveAirline | Data was saved successfully
Mon Aug  5 10:54:53 2019 | DB_saveADSBInfo | Data was saved successfully
Mon Aug  5 10:54:54 2019 | DB_saveAirline | Data was saved successfully
Mon Aug  5 10:54:55 2019 | DB_saveADSBInfo | Data was saved successfully
Mon Aug  5 10:54:55 2019 | DB_saveAirline | Data was saved successfully
Mon Aug  5 10:55:03 2019 | DB_saveADSBInfo | Data was saved successfully
Mon Aug  5 10:55:03 2019 | DB_saveAirline | Data was saved successfully
Mon Aug  5 10:55:06 2019 | DB_saveADSBInfo | Data was saved successfully
Mon Aug  5 10:55:06 2019 | DB_saveAirline | Data was saved successfully
Mon Aug  5 10:55:08 2019 | DB_saveADSBInfo | Data was saved successfully
Mon Aug  5 10:55:08 2019 | DB_saveAirline | Data was saved successfully
Mon Aug  5 10:55:15 2019 | DB_saveADSBInfo | Data was saved successfully
Mon Aug  5 10:55:15 2019 | DB_saveAirline | Data was saved successfully
Mon Aug  5 10:55:27 2019 | DB_saveADSBInfo | Data was saved successfully
Mon Aug  5 10:55:27 2019 | DB_saveAirline | Data was saved successfully
Mon Aug  5 10:55:30 2019 | DB_saveADSBInfo | Data was saved successfully
Mon Aug  5 10:55:30 2019 | DB_saveAirline | Data was saved successfully
Mon Aug  5 10:55:32 2019 | DB_saveADSBInfo | Data was saved successfully
Mon Aug  5 10:55:32 2019 | DB_saveAirline | Data was saved successfully
Mon Aug  5 10:55:47 2019 | DB_saveADSBInfo | Data was saved successfully
Mon Aug  5 10:55:47 2019 | DB_saveAirline | Data was saved successfully
Mon Aug  5 10:55:49 2019 | DB_saveADSBInfo | Data was saved successfully
Mon Aug  5 10:55:49 2019 | DB_saveAirline | Data was saved successfully
Mon Aug  5 10:55:55 2019 | DB_saveADSBInfo | Data was saved successfully
Mon Aug  5 10:55:55 2019 | DB_saveAirline | Data was saved successfully
Mon Aug  5 10:55:57 2019 | DB_saveADSBInfo | Data was saved successfully
Mon Aug  5 10:55:57 2019 | DB_saveAirline | Data was saved successfully
Mon Aug  5 10:55:59 2019 | DB_saveADSBInfo | Data was saved successfully
Mon Aug  5 10:55:59 2019 | DB_saveAirline | Data was saved successfully
Mon Aug  5 10:56:05 2019 | DB_saveADSBInfo | Data was saved successfully
Mon Aug  5 10:56:05 2019 | DB_saveAirline | Data was saved successfully
Mon Aug  5 10:56:14 2019 | DB_saveADSBInfo | Data was saved successfully
Mon Aug  5 10:56:14 2019 | DB_saveAirline | Data was saved successfully
Mon Aug  5 10:56:17 2019 | DB_saveADSBInfo | Data was saved successfully
Mon Aug  5 10:56:17 2019 | DB_saveAirline | Data was saved successfully
Mon Aug  5 10:56:19 2019 | DB_saveADSBInfo | Data was saved successfully
Mon Aug  5 10:56:19 2019 | DB_saveAirline | Data was saved successfully
Mon Aug  5 10:56:29 2019 | DB_saveADSBInfo | Data was saved successfully
Mon Aug  5 10:56:29 2019 | DB_saveAirline | Data was saved successfully
Mon Aug  5 10:56:40 2019 | DB_saveADSBInfo | Data was saved successfully
Mon Aug  5 10:56:40 2019 | DB_saveAirline | Data was saved successfully
Mon Aug  5 10:56:42 2019 | DB_saveADSBInfo | Data was saved successfully
Mon Aug  5 10:56:42 2019 | DB_saveAirline | Data was saved successfully
Mon Aug  5 10:56:47 2019 | DB_saveADSBInfo | Data was saved successfully
Mon Aug  5 10:56:47 2019 | DB_saveAirline | Data was saved successfully
Mon Aug  5 10:56:49 2019 | DB_saveADSBInfo | Data was saved successfully
Mon Aug  5 10:56:49 2019 | DB_saveAirline | Data was saved successfully
Mon Aug  5 10:56:50 2019 | DB_saveADSBInfo | Data was saved successfully
Mon Aug  5 10:56:50 2019 | DB_saveAirline | Data was saved successfully
Mon Aug  5 10:56:52 2019 | DB_saveADSBInfo | Data was saved successfully
Mon Aug  5 10:56:52 2019 | DB_saveAirline | Data was saved successfully
Mon Aug  5 10:56:54 2019 | DB_saveADSBInfo | Data was saved successfully
Mon Aug  5 10:56:55 2019 | DB_saveAirline | Data was saved successfully
Mon Aug  5 10:56:57 2019 | DB_saveADSBInfo | Data was saved successfully
Mon Aug  5 10:56:57 2019 | DB_saveAirline | Data was saved successfully
Mon Aug  5 10:56:59 2019 | DB_saveADSBInfo | Data was saved successfully
Mon Aug  5 10:56:59 2019 | DB_saveAirline | Data was saved successfully
Mon Aug  5 10:57:00 2019 | DB_saveADSBInfo | Data was saved successfully
Mon Aug  5 10:57:00 2019 | DB_saveAirline | Data was saved successfully
Mon Aug  5 10:57:02 2019 | DB_saveADSBInfo | Data was saved successfully
Mon Aug  5 10:57:02 2019 | DB_saveAirline | Data was saved successfully
Mon Aug  5 10:57:03 2019 | DB_saveADSBInfo | Data was saved successfully
Mon Aug  5 10:57:04 2019 | DB_saveAirline | Data was saved successfully
Mon Aug  5 10:57:06 2019 | DB_saveADSBInfo | Data was saved successfully
Mon Aug  5 10:57:06 2019 | DB_saveAirline | Data was saved successfully
Mon Aug  5 11:06:29 2019 | DB_saveADSBInfo | Data was saved successfully
Mon Aug  5 11:06:29 2019 | DB_saveAirline | Data was saved successfully
Mon Aug  5 11:06:37 2019 | DB_saveADSBInfo | Data was saved successfully
Mon Aug  5 11:06:37 2019 | DB_saveAirline | Data was saved successfully
Mon Aug  5 11:06:40 2019 | DB_saveADSBInfo | Data was saved successfully
Mon Aug  5 11:06:40 2019 | DB_saveAirline | Data was saved successfully
Mon Aug  5 11:06:42 2019 | DB_saveADSBInfo | Data was saved successfully
Mon Aug  5 11:06:42 2019 | DB_saveAirline | Data was saved successfully
Mon Aug  5 11:06:54 2019 | DB_saveADSBInfo | Data was saved successfully
Mon Aug  5 11:06:54 2019 | DB_saveAirline | Data was saved successfully
Mon Aug  5 11:06:57 2019 | DB_saveADSBInfo | Data was saved successfully
Mon Aug  5 11:06:57 2019 | DB_saveAirline | Data was saved successfully
Mon Aug  5 11:06:58 2019 | DB_saveADSBInfo | Data was saved successfully
Mon Aug  5 11:06:58 2019 | DB_saveAirline | Data was saved successfully
Mon Aug  5 11:07:02 2019 | DB_saveADSBInfo | Data was saved successfully
Mon Aug  5 11:07:02 2019 | DB_saveAirline | Data was saved successfully
Mon Aug  5 11:07:05 2019 | DB_saveADSBInfo | Data was saved successfully
Mon Aug  5 11:07:05 2019 | DB_saveAirline | Data was saved successfully
Mon Aug  5 11:07:10 2019 | DB_saveADSBInfo | Data was saved successfully
Mon Aug  5 11:07:10 2019 | DB_saveAirline | Data was saved successfully
Mon Aug  5 11:07:11 2019 | DB_saveADSBInfo | Data was saved successfully
Mon Aug  5 11:07:12 2019 | DB_saveAirline | Data was saved successfully
Mon Aug  5 11:07:17 2019 | DB_saveADSBInfo | Data was saved successfully
Mon Aug  5 11:07:17 2019 | DB_saveAirline | Data was saved successfully
Mon Aug  5 11:07:19 2019 | DB_saveADSBInfo | Data was saved successfully
Mon Aug  5 11:07:19 2019 | DB_saveAirline | Data was saved successfully
Mon Aug  5 11:07:23 2019 | DB_saveADSBInfo | Data was saved successfully
Mon Aug  5 11:07:23 2019 | DB_saveAirline | Data was saved successfully
Mon Aug  5 11:07:29 2019 | DB_saveADSBInfo | Data was saved successfully
Mon Aug  5 11:07:29 2019 | DB_saveAirline | Data was saved successfully
Mon Aug  5 11:07:30 2019 | DB_saveADSBInfo | Data was saved successfully
Mon Aug  5 11:07:30 2019 | DB_saveAirline | Data was saved successfully
Mon Aug  5 11:07:31 2019 | DB_saveADSBInfo | Data was saved successfully
Mon Aug  5 11:07:31 2019 | DB_saveAirline | Data was saved successfully
Mon Aug  5 11:07:33 2019 | DB_saveADSBInfo | Data was saved successfully
Mon Aug  5 11:07:33 2019 | DB_saveAirline | Data was saved successfully
Mon Aug  5 11:07:34 2019 | DB_saveADSBInfo | Data was saved successfully
Mon Aug  5 11:07:35 2019 | DB_saveAirline | Data was saved successfully
Mon Aug  5 11:07:43 2019 | DB_saveADSBInfo | Data was saved successfully
Mon Aug  5 11:07:43 2019 | DB_saveAirline | Data was saved successfully
Mon Aug  5 11:07:46 2019 | DB_saveADSBInfo | Data was saved successfully
Mon Aug  5 11:07:46 2019 | DB_saveAirline | Data was saved successfully
Mon Aug  5 11:07:48 2019 | DB_saveADSBInfo | Data was saved successfully
Mon Aug  5 11:07:48 2019 | DB_saveAirline | Data was saved successfully
Mon Aug  5 11:07:54 2019 | DB_saveADSBInfo | Data was saved successfully
Mon Aug  5 11:07:55 2019 | DB_saveAirline | Data was saved successfully
Mon Aug  5 11:08:07 2019 | DB_saveADSBInfo | Data was saved successfully
Mon Aug  5 11:08:07 2019 | DB_saveAirline | Data was saved successfully
Mon Aug  5 11:08:10 2019 | DB_saveADSBInfo | Data was saved successfully
Mon Aug  5 11:08:10 2019 | DB_saveAirline | Data was saved successfully
Mon Aug  5 11:08:12 2019 | DB_saveADSBInfo | Data was saved successfully
Mon Aug  5 11:08:12 2019 | DB_saveAirline | Data was saved successfully
Mon Aug  5 11:08:27 2019 | DB_saveADSBInfo | Data was saved successfully
Mon Aug  5 11:08:27 2019 | DB_saveAirline | Data was saved successfully
Mon Aug  5 11:08:29 2019 | DB_saveADSBInfo | Data was saved successfully
Mon Aug  5 11:08:29 2019 | DB_saveAirline | Data was saved successfully
Mon Aug  5 11:08:34 2019 | DB_saveADSBInfo | Data was saved successfully
Mon Aug  5 11:08:35 2019 | DB_saveAirline | Data was saved successfully
Mon Aug  5 11:08:37 2019 | DB_saveADSBInfo | Data was saved successfully
Mon Aug  5 11:08:37 2019 | DB_saveAirline | Data was saved successfully
Mon Aug  5 11:08:39 2019 | DB_saveADSBInfo | Data was saved successfully
Mon Aug  5 11:08:39 2019 | DB_saveAirline | Data was saved successfully
Mon Aug  5 11:08:45 2019 | DB_saveADSBInfo | Data was saved successfully
Mon Aug  5 11:08:45 2019 | DB_saveAirline | Data was saved successfully
Mon Aug  5 11:08:53 2019 | DB_saveADSBInfo | Data was saved successfully
Mon Aug  5 11:08:54 2019 | DB_saveAirline | Data was saved successfully
Mon Aug  5 11:08:57 2019 | DB_saveADSBInfo | Data was saved successfully
Mon Aug  5 11:08:57 2019 | DB_saveAirline | Data was saved successfully
Mon Aug  5 11:08:59 2019 | DB_saveADSBInfo | Data was saved successfully
Mon Aug  5 11:08:59 2019 | DB_saveAirline | Data was saved successfully
Mon Aug  5 11:09:09 2019 | DB_saveADSBInfo | Data was saved successfully
Mon Aug  5 11:09:10 2019 | DB_saveAirline | Data was saved successfully
Mon Aug  5 11:09:20 2019 | DB_saveADSBInfo | Data was saved successfully
Mon Aug  5 11:09:20 2019 | DB_saveAirline | Data was saved successfully
Mon Aug  5 11:09:22 2019 | DB_saveADSBInfo | Data was saved successfully
Mon Aug  5 11:09:22 2019 | DB_saveAirline | Data was saved successfully
Mon Aug  5 11:09:27 2019 | DB_saveADSBInfo | Data was saved successfully
Mon Aug  5 11:09:27 2019 | DB_saveAirline | Data was saved successfully
Mon Aug  5 11:09:29 2019 | DB_saveADSBInfo | Data was saved successfully
Mon Aug  5 11:09:29 2019 | DB_saveAirline | Data was saved successfully
Mon Aug  5 11:09:30 2019 | DB_saveADSBInfo | Data was saved successfully
Mon Aug  5 11:09:30 2019 | DB_saveAirline | Data was saved successfully
Mon Aug  5 11:09:32 2019 | DB_saveADSBInfo | Data was saved successfully
Mon Aug  5 11:09:32 2019 | DB_saveAirline | Data was saved successfully
Mon Aug  5 11:09:35 2019 | DB_saveADSBInfo | Data was saved successfully
Mon Aug  5 11:09:35 2019 | DB_saveAirline | Data was saved successfully
Mon Aug  5 11:09:37 2019 | DB_saveADSBInfo | Data was saved successfully
Mon Aug  5 11:09:37 2019 | DB_saveAirline | Data was saved successfully
Mon Aug  5 11:09:39 2019 | DB_saveADSBInfo | Data was saved successfully
Mon Aug  5 11:09:39 2019 | DB_saveAirline | Data was saved successfully
Mon Aug  5 11:09:40 2019 | DB_saveADSBInfo | Data was saved successfully
Mon Aug  5 11:09:40 2019 | DB_saveAirline | Data was saved successfully
Mon Aug  5 11:09:43 2019 | DB_saveADSBInfo | Data was saved successfully
Mon Aug  5 11:09:43 2019 | DB_saveAirline | Data was saved successfully
Mon Aug  5 11:09:44 2019 | DB_saveADSBInfo | Data was saved successfully
Mon Aug  5 11:09:44 2019 | DB_saveAirline | Data was saved successfully
Mon Aug  5 11:09:46 2019 | DB_saveADSBInfo | Data was saved successfully
Mon Aug  5 11:09:46 2019 | DB_saveAirline | Data was saved successfully
Wed Aug 21 07:31:12 2019 | DB_readData | Data was read successfully
Wed Aug 21 07:34:20 2019 | DB_readData | Data was read successfully
Wed Aug 21 07:36:19 2019 | DB_readData | Data was read successfully
Wed Aug 21 07:38:02 2019 | DB_readData | Data was read successfully
Wed Aug 21 07:38:57 2019 | DB_readData | Data was read successfully
Wed Aug 21 07:39:06 2019 | DB_readData | Data was read successfully
Wed Aug 21 07:39:30 2019 | DB_readData | Data was read successfully
Wed Aug 21 07:39:42 2019 | DB_readData | Data was read successfully
Wed Aug 21 07:41:19 2019 | DB_readData | Data was read successfully
Wed Aug 21 07:43:11 2019 | DB_readData | Data was read successfully
Wed Aug 21 07:43:34 2019 | DB_readData | Data was read successfully
Wed Aug 21 07:43:48 2019 | DB_readData | Data was read successfully
Wed Aug 21 07:44:59 2019 | DB_readData | Data was read successfully
Wed Aug 21 07:45:29 2019 | DB_readData | Data was read successfully
Wed Aug 21 07:46:01 2019 | DB_readData | Data was read successfully
Wed Aug 21 07:46:44 2019 | DB_readData | Data was read successfully
Wed Aug 21 07:47:34 2019 | DB_readData | Data was read successfully
Wed Aug 21 07:48:44 2019 | DB_readData | Data was read successfully
